<?xml version="1.0" encoding="UTF-8"?>
<!-- Generated by org.testng.reporters.JUnitReportReporter -->
<testsuite hostname="WPG02HK2F" failures="0" tests="2" name="com.testautomation.apitesting.tests.DataDrivenTestingUsingExcelFile" time="2.377" errors="0" timestamp="2024-05-24T00:19:16 IST" skipped="0">
  <testcase classname="com.testautomation.apitesting.tests.DataDrivenTestingUsingExcelFile" name="DataDrivenTesting" time="1.183"/>
  <system-out/>
  <testcase classname="com.testautomation.apitesting.tests.DataDrivenTestingUsingExcelFile" name="DataDrivenTesting" time="1.194"/>
  <system-out/>
</testsuite> <!-- com.testautomation.apitesting.tests.DataDrivenTestingUsingExcelFile -->
