<?xml version="1.0" encoding="UTF-8"?>
<!-- Generated by org.testng.reporters.JUnitReportReporter -->
<testsuite hostname="WPG02HK2F" failures="0" tests="3" name="com.testautomation.apitesting.tests.TestRetry" time="11.302" errors="0" timestamp="2024-05-24T00:19:16 IST" skipped="0">
  <testcase classname="com.testautomation.apitesting.tests.TestRetry" name="e2eAPIRequest3" time="0.003"/>
  <system-out/>
  <testcase classname="com.testautomation.apitesting.tests.TestRetry" name="e2eAPIRequest" time="11.285"/>
  <system-out/>
  <testcase classname="com.testautomation.apitesting.tests.TestRetry" name="e2eAPIRequest2" time="0.014"/>
  <system-out/>
</testsuite> <!-- com.testautomation.apitesting.tests.TestRetry -->
