<?xml version="1.0" encoding="UTF-8"?>
<!-- Generated by org.testng.reporters.JUnitReportReporter -->
<testsuite hostname="WPG02HK2F" failures="0" tests="1" name="com.testautomation.apitesting.tests.Cookies" time="0.727" errors="0" timestamp="2024-05-24T00:19:16 IST" skipped="0">
  <testcase classname="com.testautomation.apitesting.tests.Cookies" name="cookiesAPITest" time="0.727"/>
  <system-out/>
</testsuite> <!-- com.testautomation.apitesting.tests.Cookies -->
