<?xml version="1.0" encoding="UTF-8"?>
<!-- Generated by org.testng.reporters.JUnitReportReporter -->
<testsuite hostname="WPG02HK2F" failures="0" tests="3" name="com.testautomation.apitesting.tests.DataDrivenTestingUsingJsonFile" time="4.439" errors="0" timestamp="2024-05-24T00:19:16 IST" skipped="0">
  <testcase classname="com.testautomation.apitesting.tests.DataDrivenTestingUsingJsonFile" name="DataDrivenTestingUsingJson" time="1.206"/>
  <system-out/>
  <testcase classname="com.testautomation.apitesting.tests.DataDrivenTestingUsingJsonFile" name="DataDrivenTestingUsingJson" time="1.992"/>
  <system-out/>
  <testcase classname="com.testautomation.apitesting.tests.DataDrivenTestingUsingJsonFile" name="DataDrivenTestingUsingJson" time="1.241"/>
  <system-out/>
</testsuite> <!-- com.testautomation.apitesting.tests.DataDrivenTestingUsingJsonFile -->
