<?xml version="1.0" encoding="UTF-8"?>
<!-- Generated by org.testng.reporters.JUnitReportReporter -->
<testsuite hostname="WPG02HK2F" failures="0" tests="2" name="com.testautomation.apitesting.tests.AllureReportGeneration" time="10.691" errors="0" timestamp="2024-05-24T00:19:16 IST" skipped="0">
  <testcase classname="com.testautomation.apitesting.tests.AllureReportGeneration" name="e2eAPIRequest" time="8.256"/>
  <system-out/>
  <testcase classname="com.testautomation.apitesting.tests.AllureReportGeneration" name="e2eAPITest2" time="2.435"/>
  <system-out/>
</testsuite> <!-- com.testautomation.apitesting.tests.AllureReportGeneration -->
